<?xml version="1.0" encoding="UTF-8"?>
<!-- Generated by org.testng.reporters.JUnitReportReporter -->
<testsuite hostname="homepc" name="driverfactory.Apptest" tests="1" failures="0" timestamp="6 Nov 2019 19:40:57 GMT" time="40.131" errors="0">
  <testcase name="kickStart" time="40.131" classname="driverfactory.Apptest"/>
</testsuite> <!-- driverfactory.Apptest -->
