<?xml version="1.0" encoding="UTF-8"?>
<!-- Generated by org.testng.reporters.JUnitReportReporter -->
<testsuite hostname="ojt16-PC" name="DriverFactory.AppTest" tests="1" failures="0" timestamp="6 Nov 2019 13:04:26 GMT" time="71.860" errors="0">
  <testcase name="kickStart" time="71.860" classname="DriverFactory.AppTest"/>
</testsuite> <!-- DriverFactory.AppTest -->
