<?xml version="1.0" encoding="UTF-8"?>
<!-- Generated by org.testng.reporters.JUnitReportReporter -->
<testsuite hostname="ojt16-PC" name="DriverFactory.AppTest" tests="1" failures="0" timestamp="1 Nov 2019 12:36:07 GMT" time="26.870" errors="0">
  <testcase name="kickStart" time="26.870" classname="DriverFactory.AppTest"/>
</testsuite> <!-- DriverFactory.AppTest -->
