<?xml version="1.0" encoding="UTF-8"?>
<!-- Generated by org.testng.reporters.JUnitReportReporter -->
<testsuite hostname="ojt16-PC" name="DriverFactory.DataDrivenFramework" tests="1" failures="0" timestamp="29 Oct 2019 13:30:09 GMT" time="148.340" errors="0">
  <testcase name="stock" time="148.340" classname="DriverFactory.DataDrivenFramework"/>
</testsuite> <!-- DriverFactory.DataDrivenFramework -->
