<?xml version="1.0" encoding="UTF-8"?>
<!-- Generated by org.testng.reporters.JUnitReportReporter -->
<testsuite hostname="ojt16-PC" name="DriverFactory.AppTest" tests="1" failures="0" timestamp="5 Nov 2019 13:19:16 GMT" time="30.996" errors="0">
  <testcase name="kickStart" time="30.996" classname="DriverFactory.AppTest"/>
</testsuite> <!-- DriverFactory.AppTest -->
